2018-07-17 12:27:55,028 CRIT Supervisor running as root (no user in config file)
2018-07-17 12:27:55,028 WARN Included extra file "/etc/supervisor/conf.d/supervisord.conf" during parsing
2018-07-17 12:27:55,071 INFO RPC interface 'supervisor' initialized
2018-07-17 12:27:55,071 CRIT Server 'unix_http_server' running without any HTTP authentication checking
2018-07-17 12:27:55,071 INFO supervisord started with pid 1
2018-07-17 12:27:56,076 INFO spawned: 'varnishd' with pid 14
2018-07-17 12:27:56,082 INFO spawned: 'php-fpm' with pid 15
2018-07-17 12:27:56,086 INFO spawned: 'varnish-plugins-watcher' with pid 16
2018-07-17 12:27:56,099 INFO spawned: 'nginx' with pid 17
2018-07-17 12:27:56,106 INFO spawned: 'MailHog' with pid 18
2018-07-17 12:27:56,113 INFO spawned: 'mysql' with pid 21
2018-07-17 12:27:56,119 INFO spawned: 'varnish-themes-watcher' with pid 22
2018-07-17 12:27:57,621 INFO success: varnishd entered RUNNING state, process has stayed up for > than 1 seconds (startsecs)
2018-07-17 12:27:57,621 INFO success: php-fpm entered RUNNING state, process has stayed up for > than 1 seconds (startsecs)
2018-07-17 12:27:57,621 INFO success: varnish-plugins-watcher entered RUNNING state, process has stayed up for > than 1 seconds (startsecs)
2018-07-17 12:27:57,622 INFO success: nginx entered RUNNING state, process has stayed up for > than 1 seconds (startsecs)
2018-07-17 12:27:57,623 INFO success: MailHog entered RUNNING state, process has stayed up for > than 1 seconds (startsecs)
2018-07-17 12:27:57,623 INFO success: mysql entered RUNNING state, process has stayed up for > than 1 seconds (startsecs)
2018-07-17 12:27:57,623 INFO success: varnish-themes-watcher entered RUNNING state, process has stayed up for > than 1 seconds (startsecs)
2018-07-18 00:37:54,089 WARN received SIGTERM indicating exit request
2018-07-18 00:37:54,090 INFO waiting for varnishd, php-fpm, varnish-plugins-watcher, nginx, MailHog, mysql, varnish-themes-watcher to die
2018-07-18 00:37:55,437 INFO stopped: varnish-themes-watcher (terminated by SIGTERM)
2018-07-18 00:37:57,341 INFO waiting for varnishd, php-fpm, varnish-plugins-watcher, nginx, MailHog, mysql to die
2018-07-18 00:37:58,272 INFO stopped: mysql (exit status 0)
2018-07-18 00:37:58,273 INFO stopped: MailHog (terminated by SIGTERM)
2018-07-18 00:38:00,151 INFO stopped: nginx (exit status 0)
2018-07-18 00:38:01,153 INFO stopped: varnish-plugins-watcher (terminated by SIGTERM)
2018-07-18 00:38:01,153 INFO waiting for varnishd, php-fpm to die
2018-07-18 00:38:01,274 INFO stopped: php-fpm (exit status 0)
2018-07-18 11:52:43,004 CRIT Supervisor running as root (no user in config file)
2018-07-18 11:52:43,011 WARN Included extra file "/etc/supervisor/conf.d/supervisord.conf" during parsing
2018-07-18 11:52:43,498 INFO RPC interface 'supervisor' initialized
2018-07-18 11:52:43,498 CRIT Server 'unix_http_server' running without any HTTP authentication checking
2018-07-18 11:52:43,499 INFO supervisord started with pid 1
2018-07-18 11:52:44,503 INFO spawned: 'varnishd' with pid 44
2018-07-18 11:52:44,523 INFO spawned: 'php-fpm' with pid 45
2018-07-18 11:52:44,528 INFO spawned: 'varnish-plugins-watcher' with pid 46
2018-07-18 11:52:44,557 INFO spawned: 'nginx' with pid 47
2018-07-18 11:52:44,564 INFO spawned: 'MailHog' with pid 48
2018-07-18 11:52:44,569 INFO spawned: 'mysql' with pid 49
2018-07-18 11:52:44,573 INFO spawned: 'varnish-themes-watcher' with pid 50
2018-07-18 11:52:46,019 INFO success: varnishd entered RUNNING state, process has stayed up for > than 1 seconds (startsecs)
2018-07-18 11:52:46,252 INFO success: php-fpm entered RUNNING state, process has stayed up for > than 1 seconds (startsecs)
2018-07-18 11:52:46,253 INFO success: varnish-plugins-watcher entered RUNNING state, process has stayed up for > than 1 seconds (startsecs)
2018-07-18 11:52:46,253 INFO success: nginx entered RUNNING state, process has stayed up for > than 1 seconds (startsecs)
2018-07-18 11:52:46,254 INFO success: MailHog entered RUNNING state, process has stayed up for > than 1 seconds (startsecs)
2018-07-18 11:52:46,254 INFO success: mysql entered RUNNING state, process has stayed up for > than 1 seconds (startsecs)
2018-07-18 11:52:46,254 INFO success: varnish-themes-watcher entered RUNNING state, process has stayed up for > than 1 seconds (startsecs)
